1653988253263:help
1653988746671:quit
1653988757272:help
1653988778857:free-disk-space
1653988785645:quit
1653998965429:upload-photo "C:\\Users\\MBuss\\Desktop"
1654078545388:hornlength FillmoreFat
1654084456906:find-profile
1654084460045:help
1654084526347:find-profile
1654085146361:find-profile 2
1654085563982:find-profile(1)
1654085567374:help
1654085586446:find-profile(5)
1654085591522:find-profile 5
1654089016877:help
1654089032977:find-profile-min-max 0 10
1654089159154:help
1654089168525:find-profile-min-max 1 10
1654090115085:help
1654090126292:find-profile-min-max 1 10
1654090759289:find-unicorn-profile 5
1654093601700:help
1654093610025:photos 5
1654095261572:lists-all-profiles
1654095268179:help
1654095275659:list
1654156194887:help
1654156208066:exists-by-email fillmore.fat@wyman.co
1654156362456:exists-by-email marvin.buss24@gmail.com
1654165305758:upload-photo C:\\Users\\MBuss\\Desktop\\Marvin_Buss.jpg
1654785438296:help
1654785445713:list
1654785458452:help
1654785487309:find-profile 3
1654785671045:list
1654785677900:help
1654785724448:find-profile 3
1654785890347:help
1654785895807:list
1654785923461:find-profile 3
1654785977665:help
1654785988211:find-profile-min-max 1 10
